This is pdfTeX, Version 3.14159265-2.6-1.40.16 (TeX Live 2015) (preloaded format=pdflatex 2015.11.26)  6 JUN 2016 17:23
entering extended mode
 restricted \write18 enabled.
 file:line:error style messages enabled.
 %&-line parsing enabled.
**Rapport.tex
(./Rapport.tex
LaTeX2e <2015/01/01>
Babel <3.9l> and hyphenation patterns for 79 languages loaded.
(/usr/local/texlive/2015/texmf-dist/tex/latex/base/article.cls
Document Class: article 2014/09/29 v1.4h Standard LaTeX document class
(/usr/local/texlive/2015/texmf-dist/tex/latex/base/size12.clo
File: size12.clo 2014/09/29 v1.4h Standard LaTeX file (size option)
)
\c@part=\count79
\c@section=\count80
\c@subsection=\count81
\c@subsubsection=\count82
\c@paragraph=\count83
\c@subparagraph=\count84
\c@figure=\count85
\c@table=\count86
\abovecaptionskip=\skip41
\belowcaptionskip=\skip42
\bibindent=\dimen102
)
(/usr/local/texlive/2015/texmf-dist/tex/latex/graphics/graphicx.sty
Package: graphicx 2014/10/28 v1.0g Enhanced LaTeX Graphics (DPC,SPQR)

(/usr/local/texlive/2015/texmf-dist/tex/latex/graphics/keyval.sty
Package: keyval 2014/10/28 v1.15 key=value parser (DPC)
\KV@toks@=\toks14
)
(/usr/local/texlive/2015/texmf-dist/tex/latex/graphics/graphics.sty
Package: graphics 2014/10/28 v1.0p Standard LaTeX Graphics (DPC,SPQR)

(/usr/local/texlive/2015/texmf-dist/tex/latex/graphics/trig.sty
Package: trig 1999/03/16 v1.09 sin cos tan (DPC)
)
(/usr/local/texlive/2015/texmf-dist/tex/latex/latexconfig/graphics.cfg
File: graphics.cfg 2010/04/23 v1.9 graphics configuration of TeX Live
)
Package graphics Info: Driver file: pdftex.def on input line 94.

(/usr/local/texlive/2015/texmf-dist/tex/latex/pdftex-def/pdftex.def
File: pdftex.def 2011/05/27 v0.06d Graphics/color for pdfTeX

(/usr/local/texlive/2015/texmf-dist/tex/generic/oberdiek/infwarerr.sty
Package: infwarerr 2010/04/08 v1.3 Providing info/warning/error messages (HO)
)
(/usr/local/texlive/2015/texmf-dist/tex/generic/oberdiek/ltxcmds.sty
Package: ltxcmds 2011/11/09 v1.22 LaTeX kernel commands for general use (HO)
)
\Gread@gobject=\count87
))
\Gin@req@height=\dimen103
\Gin@req@width=\dimen104
)
(/usr/local/texlive/2015/texmf-dist/tex/latex/graphics/color.sty
Package: color 2014/10/28 v1.1a Standard LaTeX Color (DPC)

(/usr/local/texlive/2015/texmf-dist/tex/latex/latexconfig/color.cfg
File: color.cfg 2007/01/18 v1.5 color configuration of teTeX/TeXLive
)
Package color Info: Driver file: pdftex.def on input line 142.
)
(/usr/local/texlive/2015/texmf-dist/tex/latex/framed/framed.sty
Package: framed 2011/10/22 v 0.96: framed or shaded text with page breaks
\OuterFrameSep=\skip43
\fb@frw=\dimen105
\fb@frh=\dimen106
\FrameRule=\dimen107
\FrameSep=\dimen108
)
(/usr/local/texlive/2015/texmf-dist/tex/latex/base/alltt.sty
Package: alltt 1997/06/16 v2.0g defines alltt environment
)
(/usr/local/texlive/2015/texmf-dist/tex/latex/base/inputenc.sty
Package: inputenc 2015/03/17 v1.2c Input encoding file
\inpenc@prehook=\toks15
\inpenc@posthook=\toks16

(/usr/local/texlive/2015/texmf-dist/tex/latex/ucs/utf8x.def
File: utf8x.def 2004/10/17 UCS: Input encoding UTF-8
))
(/usr/local/texlive/2015/texmf-dist/tex/latex/ucs/ucs.sty
Package: ucs 2013/05/11 v2.2 UCS: Unicode input support

(/usr/local/texlive/2015/texmf-dist/tex/latex/ucs/data/uni-global.def
File: uni-global.def 2013/05/13 UCS: Unicode global data
)
\uc@secondtry=\count88
\uc@combtoks=\toks17
\uc@combtoksb=\toks18
\uc@temptokena=\toks19
)
(/usr/local/texlive/2015/texmf-dist/tex/generic/babel/babel.sty
Package: babel 2014/09/25 3.9l The Babel package

(/usr/local/texlive/2015/texmf-dist/tex/generic/babel-english/english.ldf
Language: english 2012/08/20 v3.3p English support from the babel system

(/usr/local/texlive/2015/texmf-dist/tex/generic/babel/babel.def
File: babel.def 2014/09/25 3.9l Babel common definitions
\babel@savecnt=\count89
\U@D=\dimen109
)
\l@canadian = a dialect from \language\l@american 
\l@australian = a dialect from \language\l@british 
\l@newzealand = a dialect from \language\l@british 
)
(/usr/local/texlive/2015/texmf-dist/tex/generic/babel-french/frenchb.ldf
Language: frenchb 2015/04/10 v3.1e French support from the babel system
\l@acadian = a dialect from \language\l@french 
\l@canadien = a dialect from \language\l@french 
\FBcolonskip=\skip44
\FBthinskip=\skip45
\FB@interchartokenstateORI=\count90
Package babel Info: Making : an active character on input line 371.
Package babel Info: Making ; an active character on input line 372.
Package babel Info: Making ! an active character on input line 373.
Package babel Info: Making ? an active character on input line 374.
\FBguillskip=\skip46
\FBguill@level=\count91
\FB@Mht=\dimen110
\std@mcc=\count92
\dec@mcc=\count93
\listindentFB=\skip47
\labelwidthFB=\skip48
\leftmarginFB=\skip49
\parindentFFN=\dimen111
))
(/usr/local/texlive/2015/texmf-dist/tex/latex/carlisle/scalefnt.sty)
(/usr/local/texlive/2015/texmf-dist/tex/latex/microtype/microtype.sty
Package: microtype 2013/05/23 v2.5a Micro-typographical refinements (RS)
\MT@toks=\toks20
\MT@count=\count94
LaTeX Info: Redefining \textls on input line 766.
\MT@outer@kern=\dimen112
LaTeX Info: Redefining \textmicrotypecontext on input line 1285.
\MT@listname@count=\count95

(/usr/local/texlive/2015/texmf-dist/tex/latex/microtype/microtype-pdftex.def
File: microtype-pdftex.def 2013/05/23 v2.5a Definitions specific to pdftex (RS)

LaTeX Info: Redefining \lsstyle on input line 915.
LaTeX Info: Redefining \lslig on input line 915.
\MT@outer@space=\skip50
)
Package microtype Info: Loading configuration file microtype.cfg.

(/usr/local/texlive/2015/texmf-dist/tex/latex/microtype/microtype.cfg
File: microtype.cfg 2013/05/23 v2.5a microtype main configuration file (RS)
))
(/usr/local/texlive/2015/texmf-dist/tex/latex/geometry/geometry.sty
Package: geometry 2010/09/12 v5.6 Page Geometry

(/usr/local/texlive/2015/texmf-dist/tex/generic/oberdiek/ifpdf.sty
Package: ifpdf 2011/01/30 v2.3 Provides the ifpdf switch (HO)
Package ifpdf Info: pdfTeX in PDF mode is detected.
)
(/usr/local/texlive/2015/texmf-dist/tex/generic/oberdiek/ifvtex.sty
Package: ifvtex 2010/03/01 v1.5 Detect VTeX and its facilities (HO)
Package ifvtex Info: VTeX not detected.
)
(/usr/local/texlive/2015/texmf-dist/tex/generic/ifxetex/ifxetex.sty
Package: ifxetex 2010/09/12 v0.6 Provides ifxetex conditional
)
\Gm@cnth=\count96
\Gm@cntv=\count97
\c@Gm@tempcnt=\count98
\Gm@bindingoffset=\dimen113
\Gm@wd@mp=\dimen114
\Gm@odd@mp=\dimen115
\Gm@even@mp=\dimen116
\Gm@layoutwidth=\dimen117
\Gm@layoutheight=\dimen118
\Gm@layouthoffset=\dimen119
\Gm@layoutvoffset=\dimen120
\Gm@dimlist=\toks21
)
(/usr/local/texlive/2015/texmf-dist/tex/latex/setspace/setspace.sty
Package: setspace 2011/12/19 v6.7a set line spacing
)
(/usr/local/texlive/2015/texmf-dist/tex/latex/tools/multicol.sty
Package: multicol 2015/03/31 v1.8m multicolumn formatting (FMi)
\c@tracingmulticols=\count99
\mult@box=\box26
\multicol@leftmargin=\dimen121
\c@unbalance=\count100
\c@collectmore=\count101
\doublecol@number=\count102
\multicoltolerance=\count103
\multicolpretolerance=\count104
\full@width=\dimen122
\page@free=\dimen123
\premulticols=\dimen124
\postmulticols=\dimen125
\multicolsep=\skip51
\multicolbaselineskip=\skip52
\partial@page=\box27
\last@line=\box28
\maxbalancingoverflow=\dimen126
\mult@rightbox=\box29
\mult@grightbox=\box30
\mult@gfirstbox=\box31
\mult@firstbox=\box32
\@tempa=\box33
\@tempa=\box34
\@tempa=\box35
\@tempa=\box36
\@tempa=\box37
\@tempa=\box38
\@tempa=\box39
\@tempa=\box40
\@tempa=\box41
\@tempa=\box42
\@tempa=\box43
\@tempa=\box44
\@tempa=\box45
\@tempa=\box46
\@tempa=\box47
\@tempa=\box48
\@tempa=\box49
\c@columnbadness=\count105
\c@finalcolumnbadness=\count106
\last@try=\dimen127
\multicolovershoot=\dimen128
\multicolundershoot=\dimen129
\mult@nat@firstbox=\box50
\colbreak@box=\box51
\mc@col@check@num=\count107
)
(/usr/local/texlive/2015/texmf-dist/tex/latex/natbib/natbib.sty
Package: natbib 2010/09/13 8.31b (PWD, AO)
\bibhang=\skip53
\bibsep=\skip54
LaTeX Info: Redefining \cite on input line 694.
\c@NAT@ctr=\count108
)
(/usr/local/texlive/2015/texmf-dist/tex/latex/breakcites/breakcites.sty)
(./spacecites.sty)
(/usr/local/texlive/2015/texmf-dist/tex/latex/etoolbox/etoolbox.sty
Package: etoolbox 2015/05/04 v2.2 e-TeX tools for LaTeX (JAW)
\etb@tempcnta=\count109
)
(/usr/local/texlive/2015/texmf-dist/tex/latex/lastpage/lastpage.sty
Package: lastpage 2015/03/29 v1.2m Refers to last page's name (HMM; JPG)
)
(/usr/local/texlive/2015/texmf-dist/tex/latex/fancyhdr/fancyhdr.sty
\fancy@headwidth=\skip55
\f@ncyO@elh=\skip56
\f@ncyO@erh=\skip57
\f@ncyO@olh=\skip58
\f@ncyO@orh=\skip59
\f@ncyO@elf=\skip60
\f@ncyO@erf=\skip61
\f@ncyO@olf=\skip62
\f@ncyO@orf=\skip63
)
(/usr/local/texlive/2015/texmf-dist/tex/latex/xcolor/xcolor.sty
Package: xcolor 2007/01/21 v2.11 LaTeX color extensions (UK)

(/usr/local/texlive/2015/texmf-dist/tex/latex/latexconfig/color.cfg
File: color.cfg 2007/01/18 v1.5 color configuration of teTeX/TeXLive
)
Package xcolor Info: Driver file: pdftex.def on input line 225.

(/usr/local/texlive/2015/texmf-dist/tex/latex/colortbl/colortbl.sty
Package: colortbl 2012/02/13 v1.0a Color table columns (DPC)

(/usr/local/texlive/2015/texmf-dist/tex/latex/tools/array.sty
Package: array 2014/10/28 v2.4c Tabular extension package (FMi)
\col@sep=\dimen130
\extrarowheight=\dimen131
\NC@list=\toks22
\extratabsurround=\skip64
\backup@length=\skip65
)
\everycr=\toks23
\minrowclearance=\skip66
)
LaTeX Info: Redefining \color on input line 702.
\rownum=\count110
Package xcolor Info: Model `cmy' substituted by `cmy0' on input line 1337.
Package xcolor Info: Model `hsb' substituted by `rgb' on input line 1341.
Package xcolor Info: Model `RGB' extended on input line 1353.
Package xcolor Info: Model `HTML' substituted by `rgb' on input line 1355.
Package xcolor Info: Model `Hsb' substituted by `hsb' on input line 1356.
Package xcolor Info: Model `tHsb' substituted by `hsb' on input line 1357.
Package xcolor Info: Model `HSB' substituted by `hsb' on input line 1358.
Package xcolor Info: Model `Gray' substituted by `gray' on input line 1359.
Package xcolor Info: Model `wave' substituted by `hsb' on input line 1360.
)
(/usr/local/texlive/2015/texmf-dist/tex/latex/frcursive/frcursive.sty
Package: frcursive 2004/02/01 v1.2 support package for French Cursive
\seyesThickness=\skip67
\seyes@box=\box52
\seyes@ln=\skip68
)
(/usr/local/texlive/2015/texmf-dist/tex/latex/units/nicefrac.sty
Package: nicefrac 1998/08/04 v0.9b Nice fractions
\L@UnitsRaiseDisplaystyle=\skip69
\L@UnitsRaiseTextstyle=\skip70
\L@UnitsRaiseScriptstyle=\skip71

(/usr/local/texlive/2015/texmf-dist/tex/latex/base/ifthen.sty
Package: ifthen 2014/09/29 v1.1c Standard LaTeX ifthen package (DPC)
))
(/usr/local/texlive/2015/texmf-dist/tex/latex/SIunits/SIunits.sty
Package: SIunits 2007/12/02 v1.36 Support for the International System of units
 (MH)


\@qskwidth=\skip72
\symgreek=\mathgroup4
(/usr/local/texlive/2015/texmf-dist/tex/latex/amsmath/amstext.sty
Package: amstext 2000/06/29 v2.01

(/usr/local/texlive/2015/texmf-dist/tex/latex/amsmath/amsgen.sty
File: amsgen.sty 1999/11/30 v2.0
\@emptytoks=\toks24
\ex@=\dimen132
))
(/usr/local/texlive/2015/texmf-dist/tex/latex/SIunits/SIunits.cfg)
LaTeX Info: Redefining \usk on input line 576.

Option `mediumspace' provided!
LaTeX Info: Redefining \@qsk on input line 576.
Option `mediumqspace' provided!
Option `squaren' provided!

Package SIunits Warning: What is `Grey'?.

) (/usr/local/texlive/2015/texmf-dist/tex/latex/hyperref/hyperref.sty
Package: hyperref 2012/11/06 v6.83m Hypertext links for LaTeX

(/usr/local/texlive/2015/texmf-dist/tex/generic/oberdiek/hobsub-hyperref.sty
Package: hobsub-hyperref 2012/05/28 v1.13 Bundle oberdiek, subset hyperref (HO)


(/usr/local/texlive/2015/texmf-dist/tex/generic/oberdiek/hobsub-generic.sty
Package: hobsub-generic 2012/05/28 v1.13 Bundle oberdiek, subset generic (HO)
Package: hobsub 2012/05/28 v1.13 Construct package bundles (HO)
Package hobsub Info: Skipping package `infwarerr' (already loaded).
Package hobsub Info: Skipping package `ltxcmds' (already loaded).
Package: ifluatex 2010/03/01 v1.3 Provides the ifluatex switch (HO)
Package ifluatex Info: LuaTeX not detected.
Package hobsub Info: Skipping package `ifvtex' (already loaded).
Package: intcalc 2007/09/27 v1.1 Expandable calculations with integers (HO)
Package hobsub Info: Skipping package `ifpdf' (already loaded).
Package: etexcmds 2011/02/16 v1.5 Avoid name clashes with e-TeX commands (HO)
Package etexcmds Info: Could not find \expanded.
(etexcmds)             That can mean that you are not using pdfTeX 1.50 or
(etexcmds)             that some package has redefined \expanded.
(etexcmds)             In the latter case, load this package earlier.
Package: kvsetkeys 2012/04/25 v1.16 Key value parser (HO)
Package: kvdefinekeys 2011/04/07 v1.3 Define keys (HO)
Package: pdftexcmds 2011/11/29 v0.20 Utility functions of pdfTeX for LuaTeX (HO
)
Package pdftexcmds Info: LuaTeX not detected.
Package pdftexcmds Info: \pdf@primitive is available.
Package pdftexcmds Info: \pdf@ifprimitive is available.
Package pdftexcmds Info: \pdfdraftmode found.
Package: pdfescape 2011/11/25 v1.13 Implements pdfTeX's escape features (HO)
Package: bigintcalc 2012/04/08 v1.3 Expandable calculations on big integers (HO
)
Package: bitset 2011/01/30 v1.1 Handle bit-vector datatype (HO)
Package: uniquecounter 2011/01/30 v1.2 Provide unlimited unique counter (HO)
)
Package hobsub Info: Skipping package `hobsub' (already loaded).
Package: letltxmacro 2010/09/02 v1.4 Let assignment for LaTeX macros (HO)
Package: hopatch 2012/05/28 v1.2 Wrapper for package hooks (HO)
Package: xcolor-patch 2011/01/30 xcolor patch
Package: atveryend 2011/06/30 v1.8 Hooks at the very end of document (HO)
Package: atbegshi 2011/10/05 v1.16 At begin shipout hook (HO)
Package: refcount 2011/10/16 v3.4 Data extraction from label references (HO)
Package: hycolor 2011/01/30 v1.7 Color options for hyperref/bookmark (HO)
)
(/usr/local/texlive/2015/texmf-dist/tex/latex/oberdiek/auxhook.sty
Package: auxhook 2011/03/04 v1.3 Hooks for auxiliary files (HO)
)
(/usr/local/texlive/2015/texmf-dist/tex/latex/oberdiek/kvoptions.sty
Package: kvoptions 2011/06/30 v3.11 Key value format for package options (HO)
)
\@linkdim=\dimen133
\Hy@linkcounter=\count111
\Hy@pagecounter=\count112

(/usr/local/texlive/2015/texmf-dist/tex/latex/hyperref/pd1enc.def
File: pd1enc.def 2012/11/06 v6.83m Hyperref: PDFDocEncoding definition (HO)
)
\Hy@SavedSpaceFactor=\count113

(/usr/local/texlive/2015/texmf-dist/tex/latex/latexconfig/hyperref.cfg
File: hyperref.cfg 2002/06/06 v1.2 hyperref configuration of TeXLive
)
Package hyperref Info: Option `colorlinks' set `true' on input line 4319.
Package hyperref Info: Option `breaklinks' set `true' on input line 4319.
Package hyperref Info: Option `naturalnames' set `true' on input line 4319.


Package hyperref Warning: Option `pagecolor' is not available anymore.

Package hyperref Info: Option `hypertexnames' set `false' on input line 4319.
Package hyperref Info: Hyper figures OFF on input line 4443.
Package hyperref Info: Link nesting OFF on input line 4448.
Package hyperref Info: Hyper index ON on input line 4451.
Package hyperref Info: Plain pages OFF on input line 4458.
Package hyperref Info: Backreferencing OFF on input line 4463.
Package hyperref Info: Implicit mode ON; LaTeX internals redefined.
Package hyperref Info: Bookmarks ON on input line 4688.
\c@Hy@tempcnt=\count114
(/usr/local/texlive/2015/texmf-dist/tex/latex/url/url.sty
\Urlmuskip=\muskip10
Package: url 2013/09/16  ver 3.4  Verb mode for urls, etc.
)
LaTeX Info: Redefining \url on input line 5041.
\XeTeXLinkMargin=\dimen134
\Fld@menulength=\count115
\Field@Width=\dimen135
\Fld@charsize=\dimen136
Package hyperref Info: Hyper figures OFF on input line 6295.
Package hyperref Info: Link nesting OFF on input line 6300.
Package hyperref Info: Hyper index ON on input line 6303.
Package hyperref Info: backreferencing OFF on input line 6310.
Package hyperref Info: Link coloring ON on input line 6313.
Package hyperref Info: Link coloring with OCG OFF on input line 6320.
Package hyperref Info: PDF/A mode OFF on input line 6325.
LaTeX Info: Redefining \ref on input line 6365.
LaTeX Info: Redefining \pageref on input line 6369.
\Hy@abspage=\count116
\c@Item=\count117
\c@Hfootnote=\count118
)

Package hyperref Message: Driver (autodetected): hpdftex.

(/usr/local/texlive/2015/texmf-dist/tex/latex/hyperref/hpdftex.def
File: hpdftex.def 2012/11/06 v6.83m Hyperref driver for pdfTeX
\Fld@listcount=\count119
\c@bookmark@seq@number=\count120

(/usr/local/texlive/2015/texmf-dist/tex/latex/oberdiek/rerunfilecheck.sty
Package: rerunfilecheck 2011/04/15 v1.7 Rerun checks for auxiliary files (HO)
Package uniquecounter Info: New unique counter `rerunfilecheck' on input line 2
82.
)
\Hy@SectionHShift=\skip73
)
(/usr/local/texlive/2015/texmf-dist/tex/latex/placeins/placeins.sty
Package: placeins 2005/04/18  v 2.2
)
(/usr/local/texlive/2015/texmf-dist/tex/latex/booktabs/booktabs.sty
Package: booktabs 2005/04/14 v1.61803 publication quality tables
\heavyrulewidth=\dimen137
\lightrulewidth=\dimen138
\cmidrulewidth=\dimen139
\belowrulesep=\dimen140
\belowbottomsep=\dimen141
\aboverulesep=\dimen142
\abovetopsep=\dimen143
\cmidrulesep=\dimen144
\cmidrulekern=\dimen145
\defaultaddspace=\dimen146
\@cmidla=\count121
\@cmidlb=\count122
\@aboverulesep=\dimen147
\@belowrulesep=\dimen148
\@thisruleclass=\count123
\@lastruleclass=\count124
\@thisrulewidth=\dimen149
)
(/usr/local/texlive/2015/texmf-dist/tex/latex/float/float.sty
Package: float 2001/11/08 v1.3d Float enhancements (AL)
\c@float@type=\count125
\float@exts=\toks25
\float@box=\box53
\@float@everytoks=\toks26
\@floatcapt=\box54
)
\@float@every@enca=\toks27
\c@enca=\count126

(/usr/local/texlive/2015/texmf-dist/tex/latex/bibunits/bibunits.sty
Package: bibunits 2004/05/12 v2.4 Multiple bibliographies in one document.
\@bibunitaux=\write3
\@bibunitauxcnt=\count127
)
(/usr/local/texlive/2015/texmf-dist/tex/latex/changepage/changepage.sty
Package: changepage 2009/10/20 v1.0c check page and change page layout
\c@cp@cntr=\count128
\cp@tempcnt=\count129
)
(/usr/local/texlive/2015/texmf-dist/tex/latex/chngcntr/chngcntr.sty
Package: chngcntr 2009/09/02 v1.0a change counter resetting
)

./Rapport.tex:128: Package chngcntr Error: chapter is not a counter.

See the chngcntr package documentation for explanation.
Type  H <return>  for immediate help.
 ...                                              
                                                  
l.128 \counterwithin{chapter}{part}
                                   
Your command was ignored.
Type  I <command> <return>  to replace it with another command,
or  <return>  to continue without it.

(/usr/local/texlive/2015/texmf-dist/tex/latex/upquote/upquote.sty
Package: upquote 2012/04/19 v1.3 upright-quote and grave-accent glyphs in verba
tim
)
(./Rapport.aux)
\openout1 = `Rapport.aux'.

LaTeX Font Info:    Checking defaults for OML/cmm/m/it on input line 130.
LaTeX Font Info:    ... okay on input line 130.
LaTeX Font Info:    Checking defaults for T1/cmr/m/n on input line 130.
LaTeX Font Info:    ... okay on input line 130.
LaTeX Font Info:    Checking defaults for OT1/cmr/m/n on input line 130.
LaTeX Font Info:    ... okay on input line 130.
LaTeX Font Info:    Checking defaults for OMS/cmsy/m/n on input line 130.
LaTeX Font Info:    ... okay on input line 130.
LaTeX Font Info:    Checking defaults for OMX/cmex/m/n on input line 130.
LaTeX Font Info:    ... okay on input line 130.
LaTeX Font Info:    Checking defaults for U/cmr/m/n on input line 130.
LaTeX Font Info:    ... okay on input line 130.
LaTeX Font Info:    Checking defaults for TS1/cmr/m/n on input line 130.
LaTeX Font Info:    Try loading font information for TS1+cmr on input line 130.

 (/usr/local/texlive/2015/texmf-dist/tex/latex/base/ts1cmr.fd
File: ts1cmr.fd 2014/09/29 v2.5h Standard LaTeX font definitions
)
LaTeX Font Info:    ... okay on input line 130.
LaTeX Font Info:    Checking defaults for PD1/pdf/m/n on input line 130.
LaTeX Font Info:    ... okay on input line 130.

(/usr/local/texlive/2015/texmf-dist/tex/context/base/supp-pdf.mkii
[Loading MPS to PDF converter (version 2006.09.02).]
\scratchcounter=\count130
\scratchdimen=\dimen150
\scratchbox=\box55
\nofMPsegments=\count131
\nofMParguments=\count132
\everyMPshowfont=\toks28
\MPscratchCnt=\count133
\MPscratchDim=\dimen151
\MPnumerator=\count134
\makeMPintoPDFobject=\count135
\everyMPtoPDFconversion=\toks29
) (/usr/local/texlive/2015/texmf-dist/tex/latex/oberdiek/epstopdf-base.sty
Package: epstopdf-base 2010/02/09 v2.5 Base part for package epstopdf

(/usr/local/texlive/2015/texmf-dist/tex/latex/oberdiek/grfext.sty
Package: grfext 2010/08/19 v1.1 Manage graphics extensions (HO)
)
Package grfext Info: Graphics extension search list:
(grfext)             [.png,.pdf,.jpg,.mps,.jpeg,.jbig2,.jb2,.PNG,.PDF,.JPG,.JPE
G,.JBIG2,.JB2,.eps]
(grfext)             \AppendGraphicsExtensions on input line 452.

(/usr/local/texlive/2015/texmf-dist/tex/latex/latexconfig/epstopdf-sys.cfg
File: epstopdf-sys.cfg 2010/07/13 v1.3 Configuration of (r)epstopdf for TeX Liv
e
))
(/usr/local/texlive/2015/texmf-dist/tex/latex/ucs/ucsencs.def
File: ucsencs.def 2011/01/21 Fixes to fontencodings LGR, T3
)
LaTeX Info: Redefining \degres on input line 130.
LaTeX Info: Redefining \dots on input line 130.


Package frenchb.ldf Warning: Please load the "natbib" package
(frenchb.ldf)                BEFORE babel/frenchb; reported on input line 130.

LaTeX Info: Redefining \up on input line 130.

Package frenchb.ldf Warning: OT1 encoding should not be used for French.
(frenchb.ldf)                Add \usepackage[T1]{fontenc} to the preamble
(frenchb.ldf)                of your document, on input line 130.

LaTeX Info: Redefining \microtypecontext on input line 130.
Package microtype Info: Generating PDF output.
Package microtype Info: Character protrusion enabled (level 2).
Package microtype Info: Using default protrusion set `alltext'.
Package microtype Info: Automatic font expansion enabled (level 2),
(microtype)             stretch: 20, shrink: 20, step: 1, non-selected.
Package microtype Info: Using default expansion set `basictext'.
Package microtype Info: No adjustment of tracking.
Package microtype Info: No adjustment of interword spacing.
Package microtype Info: No adjustment of character kerning.
Package microtype Info: Redefining babel's language switching commands.
(/usr/local/texlive/2015/texmf-dist/tex/latex/microtype/mt-cmr.cfg
File: mt-cmr.cfg 2013/05/19 v2.2 microtype config. file: Computer Modern Roman 
(RS)
)
*geometry* driver: auto-detecting
*geometry* detected driver: pdftex
*geometry* verbose mode - [ preamble ] result:
* driver: pdftex
* paper: a4paper
* layout: <same size as paper>
* layoutoffset:(h,v)=(0.0pt,0.0pt)
* modes: twoside 
* h-part:(L,W,R)=(99.58464pt, 426.79135pt, 71.13188pt)
* v-part:(T,H,B)=(71.13188pt, 702.78308pt, 71.13188pt)
* \paperwidth=597.50787pt
* \paperheight=845.04684pt
* \textwidth=426.79135pt
* \textheight=702.78308pt
* \oddsidemargin=27.31465pt
* \evensidemargin=-1.1381pt
* \topmargin=-38.1381pt
* \headheight=12.0pt
* \headsep=25.0pt
* \topskip=12.0pt
* \footskip=30.0pt
* \marginparwidth=85.0pt
* \marginparsep=10.0pt
* \columnsep=10.0pt
* \skip\footins=10.8pt plus 4.0pt minus 2.0pt
* \hoffset=0.0pt
* \voffset=0.0pt
* \mag=1000
* \@twocolumnfalse
* \@twosidetrue
* \@mparswitchtrue
* \@reversemarginfalse
* (1in=72.27pt=25.4mm, 1cm=28.453pt)

Package lastpage Info: Please have a look at the pageslts package at
(lastpage)             https://www.ctan.org/pkg/pageslts
(lastpage)             ! on input line 130.
Option `squaren' provided! 
 Command \squaren defined by SIunits package!

\AtBeginShipoutBox=\box56
Package hyperref Info: Link coloring ON on input line 130.
(/usr/local/texlive/2015/texmf-dist/tex/latex/hyperref/nameref.sty
Package: nameref 2012/10/27 v2.43 Cross-referencing by name of section

(/usr/local/texlive/2015/texmf-dist/tex/generic/oberdiek/gettitlestring.sty
Package: gettitlestring 2010/12/03 v1.4 Cleanup title references (HO)
)
\c@section@level=\count136
)
LaTeX Info: Redefining \ref on input line 130.
LaTeX Info: Redefining \pageref on input line 130.
LaTeX Info: Redefining \nameref on input line 130.

(./Rapport.out) (./Rapport.out)
\@outlinefile=\write4
\openout4 = `Rapport.out'.

Package microtype Info: Loading generic settings for font family
(microtype)             `cmss' (encoding: OT1).
(microtype)             For optimal results, create family-specific settings.
(microtype)             See the microtype manual for details.


./Rapport.tex:147: Package keyval Error: left undefined.

See the keyval package documentation for explanation.
Type  H <return>  for immediate help.
 ...                                              
                                                  
l.147 ...ludegraphics[scale=0.25, left]{GIS3Mlogo}
                                                  
Try typing  <return>  to proceed.
If that doesn't work, type  X <return>  to quit.

<GIS3Mlogo.png, id=92, 292.09125pt x 300.12125pt>
File: GIS3Mlogo.png Graphic file (type png)
 <use GIS3Mlogo.png>
Package pdftex.def Info: GIS3Mlogo.png used on input line 147.
(pdftex.def)             Requested size: 73.02263pt x 75.03012pt.

Overfull \hbox (30.3409pt too wide) in paragraph at lines 147--148
[][] 
 []

LaTeX Font Info:    External font `cmex10' loaded for size
(Font)              <12> on input line 148.
LaTeX Font Info:    External font `cmex10' loaded for size
(Font)              <8> on input line 148.
LaTeX Font Info:    External font `cmex10' loaded for size
(Font)              <6> on input line 148.
(/usr/local/texlive/2015/texmf-dist/tex/latex/microtype/mt-eur.cfg
File: mt-eur.cfg 2006/07/31 v1.1 microtype config. file: AMS Euler Roman (RS)
)
(/usr/local/texlive/2015/texmf-dist/tex/latex/ucs/data/uni-0.def
File: uni-0.def 2013/05/13 UCS: Unicode data U+0000..U+00FF
)

./Rapport.tex:151: Package keyval Error: right undefined.

See the keyval package documentation for explanation.
Type  H <return>  for immediate help.
 ...                                              
                                                  
l.151 ...includegraphics[scale=0.06, right]{logoU}
                                                  
Try typing  <return>  to proceed.
If that doesn't work, type  X <return>  to quit.

<logoU.png, id=93, 1027.84pt x 1027.84pt>
File: logoU.png Graphic file (type png)
 <use logoU.png>
Package pdftex.def Info: logoU.png used on input line 151.
(pdftex.def)             Requested size: 61.66774pt x 61.66774pt.


./Rapport.tex:155: LaTeX Error: There's no line here to end.

See the LaTeX manual or LaTeX Companion for explanation.
Type  H <return>  for immediate help.
 ...                                              
                                                  
l.155    \\
           [2cm]
Your command was ignored.
Type  I <command> <return>  to replace it with another command,
or  <return>  to continue without it.


LaTeX Font Warning: Font shape `OT1/cmss/m/it' in size <24.88> not available
(Font)              Font shape `OT1/cmss/m/sl' tried instead on input line 160.


<tursiops.png, id=95, 909.3975pt x 382.42876pt>
File: tursiops.png Graphic file (type png)
 <use tursiops.png>
Package pdftex.def Info: tursiops.png used on input line 167.
(pdftex.def)             Requested size: 426.79135pt x 179.47894pt.
LaTeX Font Info:    External font `cmex10' loaded for size
(Font)              <10.95> on input line 168.


LaTeX Font Warning: Font shape `OT1/cmss/bx/sc' undefined
(Font)              using `OT1/cmss/bx/n' instead on input line 171.


LaTeX Font Warning: Font shape `OT1/cmss/m/sc' in size <12> not available
(Font)              Font shape `OT1/cmr/m/sc' tried instead on input line 173.


LaTeX Font Warning: Font shape `OT1/cmss/m/sc' in size <17.28> not available
(Font)              Font shape `OT1/cmr/m/sc' tried instead on input line 173.


LaTeX Font Warning: Font shape `OT1/cmss/m/it' in size <12> not available
(Font)              Font shape `OT1/cmss/m/sl' tried instead on input line 175.



LaTeX Font Warning: Font shape `OT1/cmss/m/sc' in size <14.4> not available
(Font)              Font shape `OT1/cmr/m/sc' tried instead on input line 177.

(/usr/local/texlive/2015/texmf-dist/tex/latex/ucs/data/uni-32.def
File: uni-32.def 2013/05/13 UCS: Unicode data U+2000..U+20FF
) [1{/usr/local/texlive/2015/texmf-var/fonts/map/pdftex/updmap/pdftex.map}

 <./GIS3Mlogo.png> <./logoU.png> <./tursiops.png>]

Package Fancyhdr Warning: \headheight is too small (12.0pt): 
 Make it at least 14.49998pt.
 We now make it that large for the rest of the document.
 This may cause the page layout to be inconsistent, however.

[1] (./Rapport.toc)
\tf@toc=\write5
\openout5 = `Rapport.toc'.

 [2] (./Rapport.lof)
\tf@lof=\write6
\openout6 = `Rapport.lof'.

 (./Rapport.lot)
\tf@lot=\write7
\openout7 = `Rapport.lot'.

 (./Rapport.zzz)
\tf@zzz=\write8
\openout8 = `Rapport.zzz'.


[3] (/usr/local/texlive/2015/texmf-dist/tex/latex/ucs/data/uni-3.def
File: uni-3.def 2013/05/13 UCS: Unicode data U+0300..U+03FF
)

./Rapport.tex:233: Package ucs Error: Please activate option 'combine'.

See the ucs package documentation for explanation.
Type  H <return>  for immediate help.
 ...                                              
                                                  
l.233 ...©t√© fait au sein de l‚Äô√©quipe ¬´ PreÃÅ
                                                  dateurs marins ¬ª qui rech...

Composed characters can only be rendered correctly, when the option 'combine' i
s activated


Underfull \hbox (badness 10000) in paragraph at lines 237--238

 []

[1] (./bu1.aux)
\openout3 = `bu1.aux'.

 [2]
Package hyperref Info: bookmark level for unknown enca defaults to 0 on input l
ine 276.
 [3]
Package microtype Info: Loading generic settings for font family
(microtype)             `cmtt' (encoding: OT1).
(microtype)             For optimal results, create family-specific settings.
(microtype)             See the microtype manual for details.

Underfull \vbox (badness 4279) has occurred while \output is active []

 [4]
Underfull \hbox (badness 10000) in paragraph at lines 291--292

 []

[5]

Package xcolor Warning: Incompatible color definition on input line 298.

<figure/moore-1.pdf, id=389, 505.89pt x 289.08pt>
File: figure/moore-1.pdf Graphic file (type pdf)
 <use figure/moore-1.pdf>
Package pdftex.def Info: figure/moore-1.pdf used on input line 300.
(pdftex.def)             Requested size: 426.7973pt x 244.69139pt.

[6 <./figure/moore-1.pdf>] <figure/lositan-1.pdf, id=433, 867.24pt x 433.62pt>
File: figure/lositan-1.pdf Graphic file (type pdf)

<use figure/lositan-1.pdf>
Package pdftex.def Info: figure/lositan-1.pdf used on input line 318.
(pdftex.def)             Requested size: 398.33977pt x 199.16988pt.
 [7 <./figure/lositan-1.pdf>] (./bu1.bbl
(./babelbst.tex (./Frenchbst.tex)) [8]
Underfull \hbox (badness 10000) in paragraph at lines 109--112
[]\OT1/cmr/m/sc/10.95 (+20) Drake JW\OT1/cmr/m/n/10.95 (+20) , \OT1/cmr/m/sc/10
.95 (+20) Charlesworth B\OT1/cmr/m/n/10.95 (+20) ,
 []


Underfull \hbox (badness 10000) in paragraph at lines 109--112
\OT1/cmr/m/sc/10.95 (+20) Charlesworth D \OT1/cmr/m/n/10.95 (+20) & \OT1/cmr/m/
sc/10.95 (+20) Crow JF
 []


Underfull \hbox (badness 6316) in paragraph at lines 166--169
\OT1/cmr/m/sc/10.95 (+20) TM \OT1/cmr/m/n/10.95 (+20) (2009) Sys-tem-atic ar-ti
-facts in
 []

[9]
Underfull \hbox (badness 10000) in paragraph at lines 234--240
\OT1/cmr/m/sc/10.95 (+20) P\OT1/cmr/m/n/10.95 (+20) , \OT1/cmr/m/sc/10.95 (+20)
 Chen R\OT1/cmr/m/n/10.95 (+20) , \OT1/cmr/m/sc/10.95 (+20) Haraks-ingh R\OT1/c
mr/m/n/10.95 (+20) ,
 []

[10] [11]
Underfull \hbox (badness 10000) in paragraph at lines 412--418
\OT1/cmr/m/sc/10.95 (+20) Bergstr[]om L\OT1/cmr/m/n/10.95 (+20) , \OT1/cmr/m/sc
/10.95 (+20) Bru-ford MW\OT1/cmr/m/n/10.95 (+20) ,
 []

) (./bu1.aux)
No file bu.aux.
[12] (./bu2.aux)
\openout3 = `bu2.aux'.

 [13]
Overfull \hbox (2.36511pt too wide) in paragraph at lines 367--368
[]\OT1/cmr/m/n/12 (-20) L'inf^^Serence de leur struc-ture de po-pu-la-tion \OT1
/cmr/m/it/12 (-20) via \OT1/cmr/m/n/12 (-20) l'uti-li-sa-tion de mar-queurs g^^
Sen^^Setiques
 []


Underfull \vbox (badness 1072) has occurred while \output is active []

 [14]
<concentrations.png, id=661, 1354.05875pt x 895.345pt>
File: concentrations.png Graphic file (type png)

<use concentrations.png>
Package pdftex.def Info: concentrations.png used on input line 381.
(pdftex.def)             Requested size: 426.79135pt x 282.19911pt.
LaTeX Font Info:    Try loading font information for OMS+cmr on input line 388.


(/usr/local/texlive/2015/texmf-dist/tex/latex/base/omscmr.fd
File: omscmr.fd 2014/09/29 v2.5h Standard LaTeX font definitions
)
LaTeX Font Info:    Font shape `OMS/cmr/m/n' in size <12> not available
(Font)              Font shape `OMS/cmsy/m/n' tried instead on input line 388.
 [15] [16 <./concentrations.png>] <photo.png, id=687, 470.75874pt x 96.36pt>
File: photo.png Graphic file (type png)
 <use photo.png>
Package pdftex.def Info: photo.png used on input line 396.
(pdftex.def)             Requested size: 298.75264pt x 61.1526pt.

[17 <./photo.png>]
LaTeX Font Info:    Font shape `OT1/cmtt/bx/n' in size <12> not available
(Font)              Font shape `OT1/cmtt/m/n' tried instead on input line 422.
 [18] [19]
Underfull \hbox (badness 10000) in paragraph at lines 442--443

 []

[20]
LaTeX Font Info:    External font `cmex10' loaded for size
(Font)              <7> on input line 463.
LaTeX Font Info:    External font `cmex10' loaded for size
(Font)              <5> on input line 463.


Package natbib Warning: Citation `tajima1989' on page 21 undefined on input lin
e 463.

[21] [22] <figure/lnpd-1.pdf, id=860, 433.62pt x 158.5925pt>
File: figure/lnpd-1.pdf Graphic file (type pdf)

<use figure/lnpd-1.pdf>
Package pdftex.def Info: figure/lnpd-1.pdf used on input line 486.
(pdftex.def)             Requested size: 426.79135pt x 156.10197pt.
 <figure/dic-1.pdf, id=865, 433.62pt x 158.5925pt>
File: figure/dic-1.pdf Graphic file (type pdf)

<use figure/dic-1.pdf>
Package pdftex.def Info: figure/dic-1.pdf used on input line 497.
(pdftex.def)             Requested size: 426.79135pt x 156.10197pt.
 <figure/bic-1.pdf, id=870, 433.62pt x 158.5925pt>
File: figure/bic-1.pdf Graphic file (type pdf)

<use figure/bic-1.pdf>
Package pdftex.def Info: figure/bic-1.pdf used on input line 509.
(pdftex.def)             Requested size: 426.79135pt x 156.10197pt.
 <figure/barplot-1.pdf, id=877, 578.16pt x 144.54pt>
File: figure/barplot-1.pdf Graphic file (type pdf)

<use figure/barplot-1.pdf>
Package pdftex.def Info: figure/barplot-1.pdf used on input line 522.
(pdftex.def)             Requested size: 426.79135pt x 106.69766pt.
 [23 <./figure/lnpd-1.pdf> <./figure/dic-1.pdf>]
<map_clusters_3.png, id=901, 427.5975pt x 531.9875pt>
File: map_clusters_3.png Graphic file (type png)
 <use map_clusters_3.png>
Package pdftex.def Info: map_clusters_3.png used on input line 552.
(pdftex.def)             Requested size: 384.1096pt x 477.88329pt.

[24 <./figure/bic-1.pdf> <./figure/barplot-1.pdf>] [25 <./map_clusters_3.png>]
<DAPC.png, id=931, 702.625pt x 532.99126pt>
File: DAPC.png Graphic file (type png)
 <use DAPC.png>
Package pdftex.def Info: DAPC.png used on input line 561.
(pdftex.def)             Requested size: 298.75264pt x 226.62808pt.

<figure/lnpd2-1.pdf, id=932, 433.62pt x 158.5925pt>
File: figure/lnpd2-1.pdf Graphic file (type pdf)
 <use figure/lnpd2-1.pdf>
Package pdftex.def Info: figure/lnpd2-1.pdf used on input line 571.
(pdftex.def)             Requested size: 426.79135pt x 156.10197pt.

[26 <./DAPC.png>] [27 <./figure/lnpd2-1.pdf>]

LaTeX Warning: No positions in optional float specifier.
               Default added (so using `!tbp') on input line 642.

<reseau.png, id=963, 881.2925pt x 480.79625pt>
File: reseau.png Graphic file (type png)
 <use reseau.png>
Package pdftex.def Info: reseau.png used on input line 665.
(pdftex.def)             Requested size: 352.51076pt x 192.31508pt.


LaTeX Warning: `h' float specifier changed to `ht'.

[28] [29 <./reseau.png>]
Underfull \vbox (badness 4266) has occurred while \output is active []

 [30]
Underfull \vbox (badness 4266) has occurred while \output is active []

 [31]
[32] (./bu2.bbl (./babelbst.tex (./Frenchbst.tex))

Package multicol Warning: I moved some lines to the next page.
(multicol)                Footnotes on page 33 might be wrong on input line 27.


[33]
Underfull \hbox (badness 10000) in paragraph at lines 64--68
\OT1/cmr/m/n/10.95 (+20) URL [][]$\OT1/cmtt/m/n/10.95 https : / / CRAN . R-[]pr
oject . org /
 []


Underfull \hbox (badness 10000) in paragraph at lines 112--118
[]\OT1/cmr/m/sc/10.95 (+20) Dalebout ML\OT1/cmr/m/n/10.95 (+20) , \OT1/cmr/m/sc
/10.95 (+20) Robert-son KM\OT1/cmr/m/n/10.95 (+20) ,
 []


Underfull \hbox (badness 10000) in paragraph at lines 112--118
\OT1/cmr/m/sc/10.95 (+20) Frantzis A\OT1/cmr/m/n/10.95 (+20) , \OT1/cmr/m/sc/10
.95 (+20) En-gel-haupt D\OT1/cmr/m/n/10.95 (+20) ,
 []

[34]pdfTeX warning (ext4): destination with the same identifier (name{cite.hawk
ins2016fisheries}) has been already used, duplicate ignored
<to be read again> 
                   \relax 
l.191 ...\emph{\bbletal{}}}]{hawkins2016fisheries}
                                                  pdfTeX warning (ext4): destin
ation with the same identifier (name{cite.Jonsson2016}) has been already used, 
duplicate ignored
<to be read again> 
                   \relax 
l.241   Moksnes}]{Jonsson2016}
                               [35]
Underfull \hbox (badness 10000) in paragraph at lines 286--290
[]\OT1/cmr/m/sc/10.95 (+20) Louis M \OT1/cmr/m/n/10.95 (+20) (2014) \OT1/cmr/m/
it/10.95 (+20) Struc-tures so-ciale,
 []


Underfull \hbox (badness 10000) in paragraph at lines 342--346
[]\OT1/cmr/m/sc/10.95 (+20) Natoli A\OT1/cmr/m/n/10.95 (+20) , \OT1/cmr/m/sc/10
.95 (+20) Ped-de-mors VM \OT1/cmr/m/n/10.95 (+20) &
 []

[36]pdfTeX warning (ext4): destination with the same identifier (name{cite.ryde
r1986species}) has been already used, duplicate ignored
<to be read again> 
                   \relax 
l.396 \bibitem[{Ryder(1986)}]{ryder1986species}
                                               pdfTeX warning (ext4): destinati
on with the same identifier (name{cite.schipper2008status}) has been already us
ed, duplicate ignored
<to be read again> 
                   \relax 
l.411   \emph{\bbletal{}}}]{schipper2008status}
                                               
Underfull \hbox (badness 10000) in paragraph at lines 427--431
\OT1/cmr/m/n/10.95 (+20) URL [][]$\OT1/cmtt/m/n/10.95 https : / / CRAN . R-[]pr
oject . org /
 []

) (./bu2.aux)
No file bu.aux.
[37] (./bu3.aux)
\openout3 = `bu3.aux'.


Overfull \hbox (1.58911pt too wide) in paragraph at lines 794--794
 []|\OT1/cmr/m/n/6 Longueur 
 []


Overfull \hbox (2.0469pt too wide) in paragraph at lines 794--794
 []|\OT1/cmr/m/n/6 Supprim^^Se| 
 []


Overfull \hbox (11.62643pt too wide) in paragraph at lines 794--794
 []|\OT1/cmr/m/n/6 (TG)13CT(TG)2CA(TG)2(TA)2(TG)4| 
 []


LaTeX Warning: Float too large for page by 46.28436pt on input line 798.

[38] [39] (./bu3.bbl (./babelbst.tex (./Frenchbst.tex))pdfTeX warning (ext4): d
estination with the same identifier (name{cite.hoelzel1998genetic}) has been al
ready used, duplicate ignored
<to be read again> 
                   \relax 
l.14   Best}]{hoelzel1998genetic}
                                 pdfTeX warning (ext4): destination with the sa
me identifier (name{cite.phdLouis2014}) has been already used, duplicate ignore
d
<to be read again> 
                   \relax 
l.28 \bibitem[{Louis(2014)}]{phdLouis2014}
                                          
Underfull \hbox (badness 5939) in paragraph at lines 29--33
\OT1/cmr/m/it/12 (+20) ^^Secologique et g^^Sen^^Setique du grand
 []

) (./bu3.aux)
No file bu.aux.
[40]
*geometry* verbose mode - [ newgeometry ] result:
* driver: pdftex
* paper: a4paper
* layout: <same size as paper>
* layoutoffset:(h,v)=(0.0pt,0.0pt)
* modes: twoside 
* h-part:(L,W,R)=(71.70166pt, 418.25368pt, 107.55254pt)
* v-part:(T,H,B)=(42.67912pt, 788.14136pt, 14.22636pt)
* \paperwidth=597.50787pt
* \paperheight=845.04684pt
* \textwidth=418.25368pt
* \textheight=788.14136pt
* \oddsidemargin=-0.56833pt
* \evensidemargin=35.28255pt
* \topmargin=-66.59087pt
* \headheight=12.0pt
* \headsep=25.0pt
* \topskip=12.0pt
* \footskip=30.0pt
* \marginparwidth=85.0pt
* \marginparsep=10.0pt
* \columnsep=10.0pt
* \skip\footins=10.8pt plus 4.0pt minus 2.0pt
* \hoffset=0.0pt
* \voffset=0.0pt
* \mag=1000
* \@twocolumnfalse
* \@twosidetrue
* \@mparswitchtrue
* \@reversemarginfalse
* (1in=72.27pt=25.4mm, 1cm=28.453pt)



Package natbib Warning: There were undefined citations.


AED: lastpage setting LastPage
[0

]
Package atveryend Info: Empty hook `BeforeClearDocument' on input line 855.
Package atveryend Info: Empty hook `AfterLastShipout' on input line 855.
 (./Rapport.aux)
Package atveryend Info: Executing hook `AtVeryEndDocument' on input line 855.
Package atveryend Info: Executing hook `AtEndAfterFileList' on input line 855.
Package rerunfilecheck Info: File `Rapport.out' has not changed.
(rerunfilecheck)             Checksum: D8B9287E67570A14934EA1FA32142B71;1647.


LaTeX Font Warning: Some font shapes were not available, defaults substituted.

 ) 
Here is how much of TeX's memory you used:
 13271 strings out of 493089
 195022 string characters out of 6134841
 369208 words of memory out of 5000000
 15801 multiletter control sequences out of 15000+600000
 31028 words of font info for 252 fonts, out of 8000000 for 9000
 1141 hyphenation exceptions out of 8191
 41i,14n,47p,4872b,1069s stack positions out of 5000i,500n,10000p,200000b,80000s
</usr/local/texlive/2015/texmf-dist/fonts/type1/public/amsfonts/cm/cmbx10.pfb
></usr/local/texlive/2015/texmf-dist/fonts/type1/public/amsfonts/cm/cmbx12.pfb>
</usr/local/texlive/2015/texmf-dist/fonts/type1/public/amsfonts/cm/cmbxti10.pfb
></usr/local/texlive/2015/texmf-dist/fonts/type1/public/amsfonts/cm/cmcsc10.pfb
></usr/local/texlive/2015/texmf-dist/fonts/type1/public/amsfonts/cm/cmmi10.pfb>
</usr/local/texlive/2015/texmf-dist/fonts/type1/public/amsfonts/cm/cmmi12.pfb><
/usr/local/texlive/2015/texmf-dist/fonts/type1/public/amsfonts/cm/cmmi6.pfb></u
sr/local/texlive/2015/texmf-dist/fonts/type1/public/amsfonts/cm/cmmi8.pfb></usr
/local/texlive/2015/texmf-dist/fonts/type1/public/amsfonts/cm/cmr10.pfb></usr/l
ocal/texlive/2015/texmf-dist/fonts/type1/public/amsfonts/cm/cmr12.pfb></usr/loc
al/texlive/2015/texmf-dist/fonts/type1/public/amsfonts/cm/cmr17.pfb></usr/local
/texlive/2015/texmf-dist/fonts/type1/public/amsfonts/cm/cmr6.pfb></usr/local/te
xlive/2015/texmf-dist/fonts/type1/public/amsfonts/cm/cmr8.pfb></usr/local/texli
ve/2015/texmf-dist/fonts/type1/public/amsfonts/cm/cmss12.pfb></usr/local/texliv
e/2015/texmf-dist/fonts/type1/public/amsfonts/cm/cmss17.pfb></usr/local/texlive
/2015/texmf-dist/fonts/type1/public/amsfonts/cm/cmssbx10.pfb></usr/local/texliv
e/2015/texmf-dist/fonts/type1/public/amsfonts/cm/cmssi12.pfb></usr/local/texliv
e/2015/texmf-dist/fonts/type1/public/amsfonts/cm/cmssi17.pfb></usr/local/texliv
e/2015/texmf-dist/fonts/type1/public/amsfonts/cm/cmsy10.pfb></usr/local/texlive
/2015/texmf-dist/fonts/type1/public/amsfonts/cm/cmsy5.pfb></usr/local/texlive/2
015/texmf-dist/fonts/type1/public/amsfonts/cm/cmsy6.pfb></usr/local/texlive/201
5/texmf-dist/fonts/type1/public/amsfonts/cm/cmsy8.pfb></usr/local/texlive/2015/
texmf-dist/fonts/type1/public/amsfonts/cm/cmti10.pfb></usr/local/texlive/2015/t
exmf-dist/fonts/type1/public/amsfonts/cm/cmti12.pfb></usr/local/texlive/2015/te
xmf-dist/fonts/type1/public/amsfonts/cm/cmti7.pfb></usr/local/texlive/2015/texm
f-dist/fonts/type1/public/amsfonts/cm/cmtt10.pfb></usr/local/texlive/2015/texmf
-dist/fonts/type1/public/amsfonts/cm/cmtt12.pfb>
Output written on Rapport.pdf (45 pages, 4485057 bytes).
PDF statistics:
 1329 PDF objects out of 1440 (max. 8388607)
 1209 compressed objects within 13 object streams
 280 named destinations out of 1000 (max. 500000)
 36604 words of extra memory for PDF output out of 42996 (max. 10000000)

