\BOOKMARK [0][-]{part*.6}{Structure d'accueil}{}% 1
\BOOKMARK [0][-]{part*.7}{\311tat de l'art}{}% 2
\BOOKMARK [1][-]{section.8}{S\351quen\347age haut d\351bit et inf\351rences de la structure des populations : perspectives nouvelles et limites}{part*.7}% 3
\BOOKMARK [1][-]{section.20}{R\351f\351rences bibliographiques}{part*.7}% 4
\BOOKMARK [0][-]{part*.21}{Rapport}{}% 5
\BOOKMARK [1][-]{section.22}{Introduction}{part*.21}% 6
\BOOKMARK [1][-]{section.28}{Mat\351riel et m\351thodes}{part*.21}% 7
\BOOKMARK [2][-]{subsection.29}{Collecte des \351chantillons}{section.28}% 8
\BOOKMARK [2][-]{subsection.33}{Extractions d'ADN}{section.28}% 9
\BOOKMARK [2][-]{subsection.34}{Sexage}{section.28}% 10
\BOOKMARK [2][-]{subsection.37}{S\351quences mitochondriales}{section.28}% 11
\BOOKMARK [2][-]{subsection.38}{G\351notypes microsatellites}{section.28}% 12
\BOOKMARK [2][-]{subsection.39}{V\351rification de la qualit\351 des donn\351es}{section.28}% 13
\BOOKMARK [2][-]{subsection.41}{Inf\351rences de la structure des populations}{section.28}% 14
\BOOKMARK [2][-]{subsection.49}{Caract\351risation des populations}{section.28}% 15
\BOOKMARK [1][-]{section.54}{R\351sultats}{part*.21}% 16
\BOOKMARK [2][-]{subsection.55}{Qualit\351 des donn\351es et s\351lection des marqueurs}{section.54}% 17
\BOOKMARK [2][-]{subsection.56}{Inf\351rence de la structure des populations}{section.54}% 18
\BOOKMARK [2][-]{subsection.73}{Caract\351risation des populations}{section.54}% 19
\BOOKMARK [1][-]{section.84}{Discussion}{part*.21}% 20
\BOOKMARK [1][-]{section.87}{R\351f\351rences bibliographiques}{part*.21}% 21
\BOOKMARK [0][-]{part*.88}{Annexes}{}% 22
